12:15:00.059 [main] INFO  factory.BaseClass - user is logged out succesfully
12:15:09.010 [main] INFO  factory.BaseClass - Sucessfully closed the tab
12:17:32.714 [main] INFO  factory.BaseClass - Launched chorme browser sucessfully
12:17:45.263 [main] INFO  factory.BaseClass - user is in iconnection login page
12:17:46.228 [main] INFO  factory.BaseClass - user entered the data into the respected field
12:17:49.626 [main] INFO  factory.BaseClass - user entered OTP in respected field
12:18:09.635 [main] INFO  factory.BaseClass - user is clicked on continue button
12:18:23.382 [main] INFO  factory.BaseClass - user is re-directed succesfully to Investorportal table page
12:18:51.623 [main] INFO  factory.BaseClass - user is logged out succesfully
12:19:00.482 [main] INFO  factory.BaseClass - Sucessfully closed the tab
12:20:58.510 [main] INFO  factory.BaseClass - Launched chorme browser sucessfully
12:21:12.155 [main] INFO  factory.BaseClass - user is in iconnection login page
12:21:13.258 [main] INFO  factory.BaseClass - user entered the data into the respected field
12:21:15.613 [main] INFO  factory.BaseClass - user entered OTP in respected field
12:21:35.618 [main] INFO  factory.BaseClass - user is clicked on continue button
12:21:48.392 [main] INFO  factory.BaseClass - user is re-directed succesfully to Investorportal table page
12:22:17.310 [main] INFO  factory.BaseClass - user is logged out succesfully
12:22:26.152 [main] INFO  factory.BaseClass - Sucessfully closed the tab
12:25:39.907 [main] INFO  factory.BaseClass - Launched chorme browser sucessfully
12:25:53.068 [main] INFO  factory.BaseClass - user is in iconnection login page
12:25:54.076 [main] INFO  factory.BaseClass - user entered the data into the respected field
12:25:56.916 [main] INFO  factory.BaseClass - user entered OTP in respected field
12:26:16.930 [main] INFO  factory.BaseClass - user is clicked on continue button
12:26:27.176 [main] INFO  factory.BaseClass - user is re-directed succesfully to Investorportal table page
12:28:11.875 [main] INFO  factory.BaseClass - Launched chorme browser sucessfully
12:28:24.096 [main] INFO  factory.BaseClass - user is in iconnection login page
12:28:25.042 [main] INFO  factory.BaseClass - user entered the data into the respected field
12:28:25.743 [main] INFO  factory.BaseClass - user entered OTP in respected field
12:28:45.746 [main] INFO  factory.BaseClass - user is clicked on continue button
12:28:58.434 [main] INFO  factory.BaseClass - user is re-directed succesfully to Investorportal table page
12:29:34.661 [main] INFO  factory.BaseClass - user is logged out succesfully
12:34:26.987 [main] INFO  factory.BaseClass - Launched chorme browser sucessfully
12:34:39.594 [main] INFO  factory.BaseClass - user is in iconnection login page
12:34:40.572 [main] INFO  factory.BaseClass - user entered the data into the respected field
12:34:43.254 [main] INFO  factory.BaseClass - user entered OTP in respected field
12:35:03.266 [main] INFO  factory.BaseClass - user is clicked on continue button
12:35:15.978 [main] INFO  factory.BaseClass - user is re-directed succesfully to Investorportal table page
12:35:46.595 [main] INFO  factory.BaseClass - user is logged out succesfully
12:35:55.452 [main] INFO  factory.BaseClass - Sucessfully closed the tab
